0 info it worked if it ends with ok
1 verbose cli [ '/usr/local/bin/node',
1 verbose cli   '/usr/local/bin/npm',
1 verbose cli   'install',
1 verbose cli   '-g',
1 verbose cli   'ios-sim' ]
2 info using npm@2.11.3
3 info using node@v0.12.7
4 verbose install initial load of /usr/local/lib/package.json
5 verbose readDependencies loading dependencies from /usr/local/lib/package.json
6 silly cache add args [ 'ios-sim', null ]
7 verbose cache add spec ios-sim
8 silly cache add parsed spec { raw: 'ios-sim',
8 silly cache add   scope: null,
8 silly cache add   name: 'ios-sim',
8 silly cache add   rawSpec: '',
8 silly cache add   spec: '*',
8 silly cache add   type: 'range' }
9 silly addNamed ios-sim@*
10 verbose addNamed "*" is a valid semver range for ios-sim
11 silly addNameRange { name: 'ios-sim', range: '*', hasData: false }
12 silly mapToRegistry name ios-sim
13 silly mapToRegistry using default registry
14 silly mapToRegistry registry https://registry.npmjs.org/
15 silly mapToRegistry uri https://registry.npmjs.org/ios-sim
16 verbose addNameRange registry:https://registry.npmjs.org/ios-sim not in flight; fetching
17 verbose request uri https://registry.npmjs.org/ios-sim
18 verbose request no auth needed
19 info attempt registry request try #1 at 7:05:25 AM
20 verbose request id 62c5afd22cbfa015
21 verbose etag "91HIQ4PB1NF3ALRSM1TO8OLOF"
22 http request GET https://registry.npmjs.org/ios-sim
23 http 304 https://registry.npmjs.org/ios-sim
24 silly get cb [ 304,
24 silly get   { date: 'Fri, 24 Jul 2015 12:05:24 GMT',
24 silly get     via: '1.1 varnish',
24 silly get     'cache-control': 'max-age=60',
24 silly get     etag: '"91HIQ4PB1NF3ALRSM1TO8OLOF"',
24 silly get     age: '0',
24 silly get     connection: 'keep-alive',
24 silly get     'x-served-by': 'cache-atl6224-ATL',
24 silly get     'x-cache': 'MISS',
24 silly get     'x-cache-hits': '0',
24 silly get     'x-timer': 'S1437739524.931485,VS0,VE26',
24 silly get     vary: 'Accept' } ]
25 verbose etag https://registry.npmjs.org/ios-sim from cache
26 verbose get saving ios-sim to /Users/josekrlos/.npm/registry.npmjs.org/ios-sim/.cache.json
27 silly addNameRange number 2 { name: 'ios-sim', range: '*', hasData: true }
28 silly addNameRange versions [ 'ios-sim',
28 silly addNameRange   [ '1.8.0',
28 silly addNameRange     '1.8.1',
28 silly addNameRange     '1.8.2',
28 silly addNameRange     '1.9.0',
28 silly addNameRange     '2.0.0',
28 silly addNameRange     '2.0.1',
28 silly addNameRange     '3.0.0',
28 silly addNameRange     '3.1.0',
28 silly addNameRange     '3.1.1',
28 silly addNameRange     '4.1.0',
28 silly addNameRange     '4.1.1',
28 silly addNameRange     '3.2.0' ] ]
29 silly addNamed ios-sim@4.1.1
30 verbose addNamed "4.1.1" is a plain semver version for ios-sim
31 silly cache afterAdd ios-sim@4.1.1
32 verbose afterAdd /Users/josekrlos/.npm/ios-sim/4.1.1/package/package.json not in flight; writing
33 verbose afterAdd /Users/josekrlos/.npm/ios-sim/4.1.1/package/package.json written
34 silly install resolved [ { name: 'ios-sim',
34 silly install resolved     version: '4.1.1',
34 silly install resolved     os: [ 'darwin' ],
34 silly install resolved     preferGlobal: 'true',
34 silly install resolved     description: 'launch iOS apps into the iOS Simulator from the command line (Xcode 6.0+)',
34 silly install resolved     main: 'ios-sim',
34 silly install resolved     repository: { type: 'git', url: 'https://github.com/phonegap/ios-sim' },
34 silly install resolved     engines: { node: '>=0.10.0' },
34 silly install resolved     keywords: [ 'ios-sim', 'iOS Simulator' ],
34 silly install resolved     bin: { 'ios-sim': './bin/ios-sim' },
34 silly install resolved     bugs: { url: 'https://github.com/phonegap/ios-sim/issues' },
34 silly install resolved     author: { name: 'Shazron Abdullah' },
34 silly install resolved     license: 'MIT',
34 silly install resolved     dependencies: { simctl: '^0.0.6', nopt: '1.0.9', 'bplist-parser': '^0.0.6' },
34 silly install resolved     gitHead: 'a0f2e2d8e4deca377b70041f3cbb2a529f6fa5e5',
34 silly install resolved     homepage: 'https://github.com/phonegap/ios-sim',
34 silly install resolved     _id: 'ios-sim@4.1.1',
34 silly install resolved     scripts: {},
34 silly install resolved     _shasum: '3458eca5e5d5e97ae11f19e35f6768584dcbf7cd',
34 silly install resolved     _from: 'ios-sim@*',
34 silly install resolved     _npmVersion: '2.5.1',
34 silly install resolved     _nodeVersion: '0.12.0',
34 silly install resolved     _npmUser: { name: 'shazron', email: 'shazron@gmail.com' },
34 silly install resolved     maintainers: [ [Object], [Object], [Object] ],
34 silly install resolved     dist:
34 silly install resolved      { shasum: '3458eca5e5d5e97ae11f19e35f6768584dcbf7cd',
34 silly install resolved        tarball: 'http://registry.npmjs.org/ios-sim/-/ios-sim-4.1.1.tgz' },
34 silly install resolved     directories: {},
34 silly install resolved     _resolved: 'https://registry.npmjs.org/ios-sim/-/ios-sim-4.1.1.tgz',
34 silly install resolved     readme: 'ERROR: No README data found!' } ]
35 info install ios-sim@4.1.1 into /usr/local/lib
36 info installOne ios-sim@4.1.1
37 verbose installOne of ios-sim to /usr/local/lib not in flight; installing
38 verbose lock using /Users/josekrlos/.npm/_locks/ios-sim-3bb56db538048d2f.lock for /usr/local/lib/node_modules/ios-sim
39 silly install write writing ios-sim 4.1.1 to /usr/local/lib/node_modules/ios-sim
40 verbose unbuild lib/node_modules/ios-sim
41 silly gentlyRm /usr/local/lib/node_modules/ios-sim is being purged from base /usr/local
42 verbose gentlyRm don't care about contents; nuking /usr/local/lib/node_modules/ios-sim
43 verbose tar unpack /Users/josekrlos/.npm/ios-sim/4.1.1/package.tgz
44 verbose tar unpacking to /usr/local/lib/node_modules/ios-sim
45 silly gentlyRm /usr/local/lib/node_modules/ios-sim is being purged
46 verbose gentlyRm don't care about contents; nuking /usr/local/lib/node_modules/ios-sim
47 silly gunzTarPerm modes [ '755', '644' ]
48 error tar.unpack untar error /Users/josekrlos/.npm/ios-sim/4.1.1/package.tgz
49 verbose unlock done using /Users/josekrlos/.npm/_locks/ios-sim-3bb56db538048d2f.lock for /usr/local/lib/node_modules/ios-sim
50 verbose fstream_path /usr/local/lib/node_modules/ios-sim
51 verbose fstream_type Directory
52 verbose fstream_class DirWriter
53 verbose stack Error: EACCES, mkdir '/usr/local/lib/node_modules/ios-sim'
53 verbose stack     at Error (native)
54 verbose fstream_stack /usr/local/lib/node_modules/npm/node_modules/fstream/lib/dir-writer.js:35:25
54 verbose fstream_stack /usr/local/lib/node_modules/npm/node_modules/mkdirp/index.js:47:53
54 verbose fstream_stack FSReqWrap.oncomplete (fs.js:95:15)
55 verbose cwd /Applications/XAMPP/xamppfiles/htdocs/directConsultasIphone/directConsultas
56 error Darwin 14.4.0
57 error argv "/usr/local/bin/node" "/usr/local/bin/npm" "install" "-g" "ios-sim"
58 error node v0.12.7
59 error npm  v2.11.3
60 error path /usr/local/lib/node_modules/ios-sim
61 error code EACCES
62 error errno -13
63 error Error: EACCES, mkdir '/usr/local/lib/node_modules/ios-sim'
63 error     at Error (native)
63 error  { [Error: EACCES, mkdir '/usr/local/lib/node_modules/ios-sim']
63 error   errno: -13,
63 error   code: 'EACCES',
63 error   path: '/usr/local/lib/node_modules/ios-sim',
63 error   fstream_type: 'Directory',
63 error   fstream_path: '/usr/local/lib/node_modules/ios-sim',
63 error   fstream_class: 'DirWriter',
63 error   fstream_stack:
63 error    [ '/usr/local/lib/node_modules/npm/node_modules/fstream/lib/dir-writer.js:35:25',
63 error      '/usr/local/lib/node_modules/npm/node_modules/mkdirp/index.js:47:53',
63 error      'FSReqWrap.oncomplete (fs.js:95:15)' ] }
64 error Please try running this command again as root/Administrator.
65 verbose exit [ -13, true ]
66 verbose unbuild lib/node_modules/ios-sim
67 silly gentlyRm /usr/local/lib/node_modules/ios-sim is being purged from base /usr/local
68 verbose gentlyRm don't care about contents; nuking /usr/local/lib/node_modules/ios-sim
